<?xml version="1.0" encoding="UTF-8"?>
<testsuite name="Registro de usuario utest" tests="1" skipped="1" failures="0" errors="0" timestamp="2020-12-18T03:04:32" hostname="SOFT_DEVELOPER" time="0.043">
  <properties/>
  <testcase name="Registro de usuario en la comunidad de probadores utest" classname="Registro de usuario utest" time="0.043">
    <skipped/>
  </testcase>
  <system-out><![CDATA[]]></system-out>
  <system-err><![CDATA[[Test worker] INFO net.thucydides.core.steps.ConsoleLoggingListener - TEST PENDING
[Test worker] INFO net.thucydides.core.steps.ConsoleLoggingListener - 
          __  _____ _____ ____ _____   ____  _____ _   _ ____ ___ _   _  ____ 
 _       / / |_   _| ____/ ___|_   _| |  _ \| ____| \ | |  _ \_ _| \ | |/ ___|
(_)____ / /    | | |  _| \___ \ | |   | |_) |  _| |  \| | | | | ||  \| | |  _ 
 |_____/ /     | | | |___ ___) || |   |  __/| |___| |\  | |_| | || |\  | |_| |
(_)   /_/      |_| |_____|____/ |_|   |_|   |_____|_| \_|____/___|_| \_|\____|
                                                                                

TEST PENDING: Registro de usuario en la comunidad de probadores utest
---------------------------------------------------------------------------------
]]></system-err>
</testsuite>
