<?xml version="1.0" encoding="UTF-8"?>
<testsuite name="Registro de usuario utest" tests="1" skipped="0" failures="1" errors="0" timestamp="2020-12-18T06:42:31" hostname="SOFT_DEVELOPER" time="70.375">
  <properties/>
  <testcase name="Registro de usuario en la comunidad de probadores utest" classname="Registro de usuario utest" time="70.375">
    <failure message="java.lang.AssertionError: &#10;Expected: is &quot;Welcome to the world's largest community of freelance software testers!&quot;&#10;     but: was &quot;Welcome to the world's largest community of testers.&quot;" type="java.lang.AssertionError">java.lang.AssertionError: 
Expected: is &quot;Welcome to the world's largest community of freelance software testers!&quot;
     but: was &quot;Welcome to the world's largest community of testers.&quot;
	at net.serenitybdd.screenplay.ErrorTally.throwSummaryExceptionFrom(ErrorTally.java:36)
	at net.serenitybdd.screenplay.ErrorTally.reportAnyErrors(ErrorTally.java:30)
	at net.serenitybdd.screenplay.Actor.should(Actor.java:300)
	at com.utest.certificacion.utest.stepdefinitions.RegistroStepDefinition.elDeberiaVerElMensajeWelcomeToTheWorldSLargestCommunityOfFreelanceSoftwareTesters(RegistroStepDefinition.java:53)
	at ✽.el deberia ver el Mensaje: Welcome to the world's largest community of freelance software testers!(src/test/resources/features/registro.feature:12)
</failure>
  </testcase>
  <system-out><![CDATA[]]></system-out>
  <system-err><![CDATA[dic 18, 2020 1:42:33 AM org.openqa.selenium.remote.DesiredCapabilities chrome
INFORMACIÓN: Using `new ChromeOptions()` is preferred to `DesiredCapabilities.chrome()`
[Test worker] INFO net.serenitybdd.core.webdriver.driverproviders.ProvideNewDriver - Instantiating driver
[Test worker] INFO net.serenitybdd.core.webdriver.driverproviders.ProvideNewDriver - Driver capabilities: Capabilities {acceptInsecureCerts: false, browserName: chrome, chrome.switches: --incognito, --start-maximi..., goog:chromeOptions: {args: [--incognito, --start-maximized, --no-sandbox, --ignore-certificate-errors, --homepage = about: blank, --no-first-run, --enable-automation, --test-type], extensions: []}, platform: ANY, version: }
Starting ChromeDriver 86.0.4240.22 (398b0743353ff36fb1b82468f63a3a93b4e2e89e-refs/branch-heads/4240@{#378}) on port 27154
Only local connections are allowed.
Please see https://chromedriver.chromium.org/security-considerations for suggestions on keeping ChromeDriver safe.
ChromeDriver was started successfully.
[1608273771.696][WARNING]: This version of ChromeDriver has not been tested with Chrome version 87.
dic 18, 2020 1:42:55 AM org.openqa.selenium.remote.ProtocolHandshake createSession
INFORMACIÓN: Detected dialect: W3C
[Test worker] ERROR net.thucydides.core.steps.ConsoleLoggingListener - 
           __  _____ _____ ____ _____   _____ _    ___ _     _____ ____  
  _       / / |_   _| ____/ ___|_   _| |  ___/ \  |_ _| |   | ____|  _ \ 
 (_)_____| |    | | |  _| \___ \ | |   | |_ / _ \  | || |   |  _| | | | |
  _|_____| |    | | | |___ ___) || |   |  _/ ___ \ | || |___| |___| |_| |
 (_)     | |    |_| |_____|____/ |_|   |_|/_/   \_\___|_____|_____|____/ 
          \_\                                                            

TEST FAILED: Registro de usuario en la comunidad de probadores utest
--------------------------------------------------------------------------
[Test worker] ERROR net.thucydides.core.steps.ConsoleLoggingListener - TEST FAILED AT STEP Then el mensaje should be 'Welcome to the world's largest community of freelance software testers!'
[Test worker] ERROR net.thucydides.core.steps.ConsoleLoggingListener - Expected: is "Welcome to the world's largest community of freelance software testers!" but: was "Welcome to the world's largest community of testers."
]]></system-err>
</testsuite>
